# JRE version: Java(TM) SE Runtime Environment (8.0_281-b09) (build 1.8.0_281-b09)
# Java VM: Java HotSpot(TM) 64-Bit Server VM (25.281-b09 mixed mode bsd-amd64 compressed oops)
Heap:
 PSYoungGen      total 101376K, used 78144K [0x00000007b5580000, 0x00000007bb980000, 0x00000007c0000000)
  eden space 100352K, 77% used [0x00000007b5580000,0x00000007ba1c8000,0x00000007bb780000)
  from space 1024K, 3% used [0x00000007bb880000,0x00000007bb888000,0x00000007bb980000)
  to   space 1024K, 0% used [0x00000007bb780000,0x00000007bb780000,0x00000007bb880000)
 ParOldGen       total 247808K, used 76228K [0x00000007a0000000, 0x00000007af200000, 0x00000007b5580000)
  object space 247808K, 30% used [0x00000007a0000000,0x00000007a4a71368,0x00000007af200000)
 Metaspace       used 10506K, capacity 10682K, committed 11008K, reserved 1058816K
  class space    used 1150K, capacity 1212K, committed 1280K, reserved 1048576K
GC Heap History (10 events):
Event: 3397.860 GC heap before
{Heap before GC invocations=494 (full 3):
 PSYoungGen      total 99840K, used 99451K [0x00000007b5580000, 0x00000007bba80000, 0x00000007c0000000)
  eden space 99328K, 99% used [0x00000007b5580000,0x00000007bb61fe90,0x00000007bb680000)
  from space 512K, 99% used [0x00000007bb800000,0x00000007bb87f0e8,0x00000007bb880000)
  to   space 1536K, 98% used [0x00000007bb680000,0x00000007bb7faba0,0x00000007bb800000)
 ParOldGen       total 349696K, used 349689K [0x00000007a0000000, 0x00000007b5580000, 0x00000007b5580000)
  object space 349696K, 99% used [0x00000007a0000000,0x00000007b557e5f8,0x00000007b5580000)
 Metaspace       used 10505K, capacity 10682K, committed 11008K, reserved 1058816K
  class space    used 1150K, capacity 1212K, committed 1280K, reserved 1048576K
Event: 3397.947 GC heap after
Heap after GC invocations=494 (full 3):
 PSYoungGen      total 99840K, used 0K [0x00000007b5580000, 0x00000007bba80000, 0x00000007c0000000)
  eden space 99328K, 0% used [0x00000007b5580000,0x00000007b5580000,0x00000007bb680000)
  from space 512K, 0% used [0x00000007bb800000,0x00000007bb800000,0x00000007bb880000)
  to   space 1536K, 0% used [0x00000007bb680000,0x00000007bb680000,0x00000007bb800000)
 ParOldGen       total 247808K, used 74447K [0x00000007a0000000, 0x00000007af200000, 0x00000007b5580000)
  object space 247808K, 30% used [0x00000007a0000000,0x00000007a48b3c78,0x00000007af200000)
 Metaspace       used 10505K, capacity 10682K, committed 11008K, reserved 1058816K
  class space    used 1150K, capacity 1212K, committed 1280K, reserved 1048576K
}
Event: 3404.079 GC heap before
{Heap before GC invocations=495 (full 3):
 PSYoungGen      total 99840K, used 99328K [0x00000007b5580000, 0x00000007bba80000, 0x00000007c0000000)
  eden space 99328K, 100% used [0x00000007b5580000,0x00000007bb680000,0x00000007bb680000)
  from space 512K, 0% used [0x00000007bb800000,0x00000007bb800000,0x00000007bb880000)
  to   space 1536K, 0% used [0x00000007bb680000,0x00000007bb680000,0x00000007bb800000)
 ParOldGen       total 247808K, used 74447K [0x00000007a0000000, 0x00000007af200000, 0x00000007b5580000)
  object space 247808K, 30% used [0x00000007a0000000,0x00000007a48b3c78,0x00000007af200000)
 Metaspace       used 10505K, capacity 10682K, committed 11008K, reserved 1058816K
  class space    used 1150K, capacity 1212K, committed 1280K, reserved 1048576K
Event: 3404.080 GC heap after
Heap after GC invocations=495 (full 3):
 PSYoungGen      total 100864K, used 32K [0x00000007b5580000, 0x00000007bb900000, 0x00000007c0000000)
  eden space 99328K, 0% used [0x00000007b5580000,0x00000007b5580000,0x00000007bb680000)
  from space 1536K, 2% used [0x00000007bb680000,0x00000007bb688000,0x00000007bb800000)
  to   space 1024K, 0% used [0x00000007bb800000,0x00000007bb800000,0x00000007bb900000)
 ParOldGen       total 247808K, used 76228K [0x00000007a0000000, 0x00000007af200000, 0x00000007b5580000)
  object space 247808K, 30% used [0x00000007a0000000,0x00000007a4a71368,0x00000007af200000)
 Metaspace       used 10505K, capacity 10682K, committed 11008K, reserved 1058816K
  class space    used 1150K, capacity 1212K, committed 1280K, reserved 1048576K
}
Event: 3409.169 GC heap before
{Heap before GC invocations=496 (full 3):
 PSYoungGen      total 100864K, used 99360K [0x00000007b5580000, 0x00000007bb900000, 0x00000007c0000000)
  eden space 99328K, 100% used [0x00000007b5580000,0x00000007bb680000,0x00000007bb680000)
  from space 1536K, 2% used [0x00000007bb680000,0x00000007bb688000,0x00000007bb800000)
  to   space 1024K, 0% used [0x00000007bb800000,0x00000007bb800000,0x00000007bb900000)
 ParOldGen       total 247808K, used 76228K [0x00000007a0000000, 0x00000007af200000, 0x00000007b5580000)
  object space 247808K, 30% used [0x00000007a0000000,0x00000007a4a71368,0x00000007af200000)
 Metaspace       used 10505K, capacity 10682K, committed 11008K, reserved 1058816K
  class space    used 1150K, capacity 1212K, committed 1280K, reserved 1048576K
Event: 3409.169 GC heap after
Heap after GC invocations=496 (full 3):
 PSYoungGen      total 100864K, used 64K [0x00000007b5580000, 0x00000007bb900000, 0x00000007c0000000)
  eden space 99840K, 0% used [0x00000007b5580000,0x00000007b5580000,0x00000007bb700000)
  from space 1024K, 6% used [0x00000007bb800000,0x00000007bb810000,0x00000007bb900000)
  to   space 1024K, 0% used [0x00000007bb700000,0x00000007bb700000,0x00000007bb800000)
 ParOldGen       total 247808K, used 76228K [0x00000007a0000000, 0x00000007af200000, 0x00000007b5580000)
  object space 247808K, 30% used [0x00000007a0000000,0x00000007a4a71368,0x00000007af200000)
 Metaspace       used 10505K, capacity 10682K, committed 11008K, reserved 1058816K
  class space    used 1150K, capacity 1212K, committed 1280K, reserved 1048576K
}
Event: 3414.267 GC heap before
{Heap before GC invocations=497 (full 3):
 PSYoungGen      total 100864K, used 99904K [0x00000007b5580000, 0x00000007bb900000, 0x00000007c0000000)
  eden space 99840K, 100% used [0x00000007b5580000,0x00000007bb700000,0x00000007bb700000)
  from space 1024K, 6% used [0x00000007bb800000,0x00000007bb810000,0x00000007bb900000)
  to   space 1024K, 0% used [0x00000007bb700000,0x00000007bb700000,0x00000007bb800000)
 ParOldGen       total 247808K, used 76228K [0x00000007a0000000, 0x00000007af200000, 0x00000007b5580000)
  object space 247808K, 30% used [0x00000007a0000000,0x00000007a4a71368,0x00000007af200000)
 Metaspace       used 10505K, capacity 10682K, committed 11008K, reserved 1058816K
  class space    used 1150K, capacity 1212K, committed 1280K, reserved 1048576K
Event: 3414.268 GC heap after
Heap after GC invocations=497 (full 3):
 PSYoungGen      total 100864K, used 64K [0x00000007b5580000, 0x00000007bb980000, 0x00000007c0000000)
  eden space 99840K, 0% used [0x00000007b5580000,0x00000007b5580000,0x00000007bb700000)
  from space 1024K, 6% used [0x00000007bb700000,0x00000007bb710000,0x00000007bb800000)
  to   space 1024K, 0% used [0x00000007bb880000,0x00000007bb880000,0x00000007bb980000)
 ParOldGen       total 247808K, used 76228K [0x00000007a0000000, 0x00000007af200000, 0x00000007b5580000)
  object space 247808K, 30% used [0x00000007a0000000,0x00000007a4a71368,0x00000007af200000)
 Metaspace       used 10505K, capacity 10682K, committed 11008K, reserved 1058816K
  class space    used 1150K, capacity 1212K, committed 1280K, reserved 1048576K
}
Event: 3419.344 GC heap before
{Heap before GC invocations=498 (full 3):
 PSYoungGen      total 100864K, used 99904K [0x00000007b5580000, 0x00000007bb980000, 0x00000007c0000000)
  eden space 99840K, 100% used [0x00000007b5580000,0x00000007bb700000,0x00000007bb700000)
  from space 1024K, 6% used [0x00000007bb700000,0x00000007bb710000,0x00000007bb800000)
  to   space 1024K, 0% used [0x00000007bb880000,0x00000007bb880000,0x00000007bb980000)
 ParOldGen       total 247808K, used 76228K [0x00000007a0000000, 0x00000007af200000, 0x00000007b5580000)
  object space 247808K, 30% used [0x00000007a0000000,0x00000007a4a71368,0x00000007af200000)
 Metaspace       used 10505K, capacity 10682K, committed 11008K, reserved 1058816K
  class space    used 1150K, capacity 1212K, committed 1280K, reserved 1048576K
Event: 3419.344 GC heap after
Heap after GC invocations=498 (full 3):
 PSYoungGen      total 101376K, used 32K [0x00000007b5580000, 0x00000007bb980000, 0x00000007c0000000)
  eden space 100352K, 0% used [0x00000007b5580000,0x00000007b5580000,0x00000007bb780000)
  from space 1024K, 3% used [0x00000007bb880000,0x00000007bb888000,0x00000007bb980000)
  to   space 1024K, 0% used [0x00000007bb780000,0x00000007bb780000,0x00000007bb880000)
 ParOldGen       total 247808K, used 76228K [0x00000007a0000000, 0x00000007af200000, 0x00000007b5580000)
  object space 247808K, 30% used [0x00000007a0000000,0x00000007a4a71368,0x00000007af200000)
 Metaspace       used 10505K, capacity 10682K, committed 11008K, reserved 1058816K
  class space    used 1150K, capacity 1212K, committed 1280K, reserved 1048576K
}

